{"/home/administrator/Desktop/aswin/projects/wheelzloop_v3/backend/src/server.js": {"path":"/home/administrator/Desktop/aswin/projects/wheelzloop_v3/backend/src/server.js","statementMap":{"0":{"start":{"line":1,"column":16},"end":{"line":1,"column":34}},"1":{"start":{"line":2,"column":13},"end":{"line":2,"column":28}},"2":{"start":{"line":3,"column":15},"end":{"line":3,"column":32}},"3":{"start":{"line":4,"column":21},"end":{"line":4,"column":45}},"4":{"start":{"line":5,"column":19},"end":{"line":5,"column":55}},"5":{"start":{"line":6,"column":11},"end":{"line":6,"column":34}},"6":{"start":{"line":8,"column":12},"end":{"line":8,"column":21}},"7":{"start":{"line":10,"column":13},"end":{"line":10,"column":37}},"8":{"start":{"line":13,"column":0},"end":{"line":13,"column":13}},"9":{"start":{"line":16,"column":0},"end":{"line":16,"column":16}},"10":{"start":{"line":17,"column":0},"end":{"line":17,"column":16}},"11":{"start":{"line":18,"column":0},"end":{"line":18,"column":24}},"12":{"start":{"line":19,"column":0},"end":{"line":19,"column":48}},"13":{"start":{"line":20,"column":0},"end":{"line":20,"column":24}},"14":{"start":{"line":23,"column":0},"end":{"line":23,"column":36}},"15":{"start":{"line":25,"column":0},"end":{"line":27,"column":3}},"16":{"start":{"line":26,"column":2},"end":{"line":26,"column":43}},"17":{"start":{"line":30,"column":0},"end":{"line":33,"column":3}},"18":{"start":{"line":31,"column":2},"end":{"line":31,"column":44}},"19":{"start":{"line":32,"column":2},"end":{"line":32,"column":18}},"20":{"start":{"line":36,"column":0},"end":{"line":39,"column":3}},"21":{"start":{"line":37,"column":2},"end":{"line":37,"column":45}},"22":{"start":{"line":38,"column":2},"end":{"line":38,"column":18}},"23":{"start":{"line":41,"column":0},"end":{"line":43,"column":3}},"24":{"start":{"line":42,"column":2},"end":{"line":42,"column":55}}},"fnMap":{"0":{"name":"(anonymous_0)","decl":{"start":{"line":25,"column":13},"end":{"line":25,"column":14}},"loc":{"start":{"line":25,"column":27},"end":{"line":27,"column":1}},"line":25},"1":{"name":"(anonymous_1)","decl":{"start":{"line":30,"column":32},"end":{"line":30,"column":33}},"loc":{"start":{"line":30,"column":41},"end":{"line":33,"column":1}},"line":30},"2":{"name":"(anonymous_2)","decl":{"start":{"line":36,"column":33},"end":{"line":36,"column":34}},"loc":{"start":{"line":36,"column":42},"end":{"line":39,"column":1}},"line":36},"3":{"name":"(anonymous_3)","decl":{"start":{"line":41,"column":17},"end":{"line":41,"column":18}},"loc":{"start":{"line":41,"column":23},"end":{"line":43,"column":1}},"line":41}},"branchMap":{"0":{"loc":{"start":{"line":10,"column":13},"end":{"line":10,"column":37}},"type":"binary-expr","locations":[{"start":{"line":10,"column":13},"end":{"line":10,"column":29}},{"start":{"line":10,"column":33},"end":{"line":10,"column":37}}],"line":10}},"s":{"0":0,"1":0,"2":0,"3":0,"4":0,"5":0,"6":0,"7":0,"8":0,"9":0,"10":0,"11":0,"12":0,"13":0,"14":0,"15":0,"16":0,"17":0,"18":0,"19":0,"20":0,"21":0,"22":0,"23":0,"24":0},"f":{"0":0,"1":0,"2":0,"3":0},"b":{"0":[0,0]}}
,"/home/administrator/Desktop/aswin/projects/wheelzloop_v3/backend/src/controllers/admin/controllers.js": {"path":"/home/administrator/Desktop/aswin/projects/wheelzloop_v3/backend/src/controllers/admin/controllers.js","statementMap":{},"fnMap":{},"branchMap":{},"s":{},"f":{},"b":{}}
,"/home/administrator/Desktop/aswin/projects/wheelzloop_v3/backend/src/controllers/users/signin.js": {"path":"/home/administrator/Desktop/aswin/projects/wheelzloop_v3/backend/src/controllers/users/signin.js","statementMap":{"0":{"start":{"line":1,"column":15},"end":{"line":1,"column":34}},"1":{"start":{"line":2,"column":30},"end":{"line":2,"column":58}},"2":{"start":{"line":3,"column":13},"end":{"line":3,"column":56}},"3":{"start":{"line":5,"column":0},"end":{"line":32,"column":2}},"4":{"start":{"line":6,"column":2},"end":{"line":31,"column":3}},"5":{"start":{"line":7,"column":32},"end":{"line":7,"column":47}},"6":{"start":{"line":9,"column":4},"end":{"line":11,"column":5}},"7":{"start":{"line":10,"column":6},"end":{"line":10,"column":62}},"8":{"start":{"line":12,"column":17},"end":{"line":12,"column":46}},"9":{"start":{"line":13,"column":4},"end":{"line":15,"column":5}},"10":{"start":{"line":14,"column":6},"end":{"line":14,"column":66}},"11":{"start":{"line":16,"column":17},"end":{"line":16,"column":62}},"12":{"start":{"line":17,"column":4},"end":{"line":19,"column":5}},"13":{"start":{"line":18,"column":6},"end":{"line":18,"column":66}},"14":{"start":{"line":20,"column":18},"end":{"line":20,"column":45}},"15":{"start":{"line":21,"column":4},"end":{"line":24,"column":7}},"16":{"start":{"line":25,"column":4},"end":{"line":27,"column":71}},"17":{"start":{"line":28,"column":4},"end":{"line":28,"column":11}},"18":{"start":{"line":30,"column":4},"end":{"line":30,"column":25}}},"fnMap":{"0":{"name":"(anonymous_0)","decl":{"start":{"line":5,"column":24},"end":{"line":5,"column":25}},"loc":{"start":{"line":5,"column":50},"end":{"line":32,"column":1}},"line":5}},"branchMap":{"0":{"loc":{"start":{"line":9,"column":4},"end":{"line":11,"column":5}},"type":"if","locations":[{"start":{"line":9,"column":4},"end":{"line":11,"column":5}},{"start":{},"end":{}}],"line":9},"1":{"loc":{"start":{"line":9,"column":8},"end":{"line":9,"column":27}},"type":"binary-expr","locations":[{"start":{"line":9,"column":8},"end":{"line":9,"column":14}},{"start":{"line":9,"column":18},"end":{"line":9,"column":27}}],"line":9},"2":{"loc":{"start":{"line":13,"column":4},"end":{"line":15,"column":5}},"type":"if","locations":[{"start":{"line":13,"column":4},"end":{"line":15,"column":5}},{"start":{},"end":{}}],"line":13},"3":{"loc":{"start":{"line":17,"column":4},"end":{"line":19,"column":5}},"type":"if","locations":[{"start":{"line":17,"column":4},"end":{"line":19,"column":5}},{"start":{},"end":{}}],"line":17}},"s":{"0":0,"1":0,"2":0,"3":0,"4":0,"5":0,"6":0,"7":0,"8":0,"9":0,"10":0,"11":0,"12":0,"13":0,"14":0,"15":0,"16":0,"17":0,"18":0},"f":{"0":0},"b":{"0":[0,0],"1":[0,0],"2":[0,0],"3":[0,0]}}
,"/home/administrator/Desktop/aswin/projects/wheelzloop_v3/backend/src/controllers/users/signup.js": {"path":"/home/administrator/Desktop/aswin/projects/wheelzloop_v3/backend/src/controllers/users/signup.js","statementMap":{"0":{"start":{"line":1,"column":13},"end":{"line":1,"column":56}},"1":{"start":{"line":5,"column":4},"end":{"line":5,"column":42}},"2":{"start":{"line":6,"column":30},"end":{"line":6,"column":58}},"3":{"start":{"line":7,"column":15},"end":{"line":7,"column":34}},"4":{"start":{"line":9,"column":0},"end":{"line":34,"column":2}},"5":{"start":{"line":10,"column":2},"end":{"line":33,"column":3}},"6":{"start":{"line":11,"column":46},"end":{"line":11,"column":54}},"7":{"start":{"line":12,"column":25},"end":{"line":14,"column":6}},"8":{"start":{"line":15,"column":4},"end":{"line":17,"column":5}},"9":{"start":{"line":16,"column":6},"end":{"line":16,"column":47}},"10":{"start":{"line":18,"column":27},"end":{"line":18,"column":58}},"11":{"start":{"line":19,"column":17},"end":{"line":19,"column":77}},"12":{"start":{"line":20,"column":18},"end":{"line":20,"column":45}},"13":{"start":{"line":22,"column":4},"end":{"line":25,"column":7}},"14":{"start":{"line":27,"column":17},"end":{"line":27,"column":25}},"15":{"start":{"line":28,"column":4},"end":{"line":28,"column":48}},"16":{"start":{"line":30,"column":4},"end":{"line":30,"column":11}},"17":{"start":{"line":32,"column":4},"end":{"line":32,"column":25}}},"fnMap":{"0":{"name":"(anonymous_0)","decl":{"start":{"line":9,"column":24},"end":{"line":9,"column":25}},"loc":{"start":{"line":9,"column":50},"end":{"line":34,"column":1}},"line":9}},"branchMap":{"0":{"loc":{"start":{"line":15,"column":4},"end":{"line":17,"column":5}},"type":"if","locations":[{"start":{"line":15,"column":4},"end":{"line":17,"column":5}},{"start":{},"end":{}}],"line":15}},"s":{"0":1,"1":1,"2":1,"3":1,"4":1,"5":3,"6":3,"7":3,"8":2,"9":1,"10":2,"11":2,"12":2,"13":2,"14":2,"15":2,"16":2,"17":1},"f":{"0":3},"b":{"0":[1,1]},"_coverageSchema":"1a1c01bbd47fc00a2c39e90264f33305004495a9","hash":"ac67024b4f163266090a88bbe326b199e983080a"}
,"/home/administrator/Desktop/aswin/projects/wheelzloop_v3/backend/src/routes/users/userRouter.js": {"path":"/home/administrator/Desktop/aswin/projects/wheelzloop_v3/backend/src/routes/users/userRouter.js","statementMap":{"0":{"start":{"line":1,"column":16},"end":{"line":1,"column":34}},"1":{"start":{"line":2,"column":19},"end":{"line":2,"column":60}},"2":{"start":{"line":3,"column":19},"end":{"line":3,"column":60}},"3":{"start":{"line":4,"column":15},"end":{"line":4,"column":31}},"4":{"start":{"line":6,"column":0},"end":{"line":8,"column":3}},"5":{"start":{"line":7,"column":2},"end":{"line":7,"column":33}},"6":{"start":{"line":10,"column":0},"end":{"line":10,"column":31}},"7":{"start":{"line":11,"column":0},"end":{"line":11,"column":31}},"8":{"start":{"line":13,"column":0},"end":{"line":13,"column":24}}},"fnMap":{"0":{"name":"(anonymous_0)","decl":{"start":{"line":6,"column":16},"end":{"line":6,"column":17}},"loc":{"start":{"line":6,"column":30},"end":{"line":8,"column":1}},"line":6}},"branchMap":{},"s":{"0":0,"1":0,"2":0,"3":0,"4":0,"5":0,"6":0,"7":0,"8":0},"f":{"0":0},"b":{}}
,"/home/administrator/Desktop/aswin/projects/wheelzloop_v3/backend/src/utils/responseHelpers.js": {"path":"/home/administrator/Desktop/aswin/projects/wheelzloop_v3/backend/src/utils/responseHelpers.js","statementMap":{"0":{"start":{"line":1,"column":23},"end":{"line":7,"column":2}},"1":{"start":{"line":1,"column":76},"end":{"line":7,"column":1}},"2":{"start":{"line":9,"column":24},"end":{"line":10,"column":36}},"3":{"start":{"line":10,"column":2},"end":{"line":10,"column":36}},"4":{"start":{"line":12,"column":24},"end":{"line":13,"column":36}},"5":{"start":{"line":13,"column":2},"end":{"line":13,"column":36}},"6":{"start":{"line":15,"column":27},"end":{"line":16,"column":43}},"7":{"start":{"line":16,"column":2},"end":{"line":16,"column":43}},"8":{"start":{"line":18,"column":29},"end":{"line":19,"column":43}},"9":{"start":{"line":19,"column":2},"end":{"line":19,"column":43}},"10":{"start":{"line":21,"column":26},"end":{"line":22,"column":43}},"11":{"start":{"line":22,"column":2},"end":{"line":22,"column":43}},"12":{"start":{"line":24,"column":25},"end":{"line":25,"column":43}},"13":{"start":{"line":25,"column":2},"end":{"line":25,"column":43}},"14":{"start":{"line":27,"column":25},"end":{"line":28,"column":43}},"15":{"start":{"line":28,"column":2},"end":{"line":28,"column":43}},"16":{"start":{"line":30,"column":30},"end":{"line":33,"column":46}},"17":{"start":{"line":33,"column":5},"end":{"line":33,"column":46}},"18":{"start":{"line":35,"column":0},"end":{"line":44,"column":2}}},"fnMap":{"0":{"name":"(anonymous_0)","decl":{"start":{"line":1,"column":23},"end":{"line":1,"column":24}},"loc":{"start":{"line":1,"column":76},"end":{"line":7,"column":1}},"line":1},"1":{"name":"(anonymous_1)","decl":{"start":{"line":9,"column":24},"end":{"line":9,"column":25}},"loc":{"start":{"line":10,"column":2},"end":{"line":10,"column":36}},"line":10},"2":{"name":"(anonymous_2)","decl":{"start":{"line":12,"column":24},"end":{"line":12,"column":25}},"loc":{"start":{"line":13,"column":2},"end":{"line":13,"column":36}},"line":13},"3":{"name":"(anonymous_3)","decl":{"start":{"line":15,"column":27},"end":{"line":15,"column":28}},"loc":{"start":{"line":16,"column":2},"end":{"line":16,"column":43}},"line":16},"4":{"name":"(anonymous_4)","decl":{"start":{"line":18,"column":29},"end":{"line":18,"column":30}},"loc":{"start":{"line":19,"column":2},"end":{"line":19,"column":43}},"line":19},"5":{"name":"(anonymous_5)","decl":{"start":{"line":21,"column":26},"end":{"line":21,"column":27}},"loc":{"start":{"line":22,"column":2},"end":{"line":22,"column":43}},"line":22},"6":{"name":"(anonymous_6)","decl":{"start":{"line":24,"column":25},"end":{"line":24,"column":26}},"loc":{"start":{"line":25,"column":2},"end":{"line":25,"column":43}},"line":25},"7":{"name":"(anonymous_7)","decl":{"start":{"line":27,"column":25},"end":{"line":27,"column":26}},"loc":{"start":{"line":28,"column":2},"end":{"line":28,"column":43}},"line":28},"8":{"name":"(anonymous_8)","decl":{"start":{"line":30,"column":30},"end":{"line":30,"column":31}},"loc":{"start":{"line":33,"column":5},"end":{"line":33,"column":46}},"line":33}},"branchMap":{"0":{"loc":{"start":{"line":1,"column":45},"end":{"line":1,"column":56}},"type":"default-arg","locations":[{"start":{"line":1,"column":52},"end":{"line":1,"column":56}}],"line":1},"1":{"loc":{"start":{"line":1,"column":58},"end":{"line":1,"column":70}},"type":"default-arg","locations":[{"start":{"line":1,"column":66},"end":{"line":1,"column":70}}],"line":1},"2":{"loc":{"start":{"line":3,"column":11},"end":{"line":3,"column":48}},"type":"binary-expr","locations":[{"start":{"line":3,"column":11},"end":{"line":3,"column":28}},{"start":{"line":3,"column":32},"end":{"line":3,"column":48}}],"line":3},"3":{"loc":{"start":{"line":9,"column":31},"end":{"line":9,"column":50}},"type":"default-arg","locations":[{"start":{"line":9,"column":41},"end":{"line":9,"column":50}}],"line":9},"4":{"loc":{"start":{"line":12,"column":31},"end":{"line":12,"column":59}},"type":"default-arg","locations":[{"start":{"line":12,"column":41},"end":{"line":12,"column":59}}],"line":12},"5":{"loc":{"start":{"line":15,"column":28},"end":{"line":15,"column":51}},"type":"default-arg","locations":[{"start":{"line":15,"column":38},"end":{"line":15,"column":51}}],"line":15},"6":{"loc":{"start":{"line":15,"column":53},"end":{"line":15,"column":65}},"type":"default-arg","locations":[{"start":{"line":15,"column":61},"end":{"line":15,"column":65}}],"line":15},"7":{"loc":{"start":{"line":18,"column":30},"end":{"line":18,"column":54}},"type":"default-arg","locations":[{"start":{"line":18,"column":40},"end":{"line":18,"column":54}}],"line":18},"8":{"loc":{"start":{"line":18,"column":56},"end":{"line":18,"column":68}},"type":"default-arg","locations":[{"start":{"line":18,"column":64},"end":{"line":18,"column":68}}],"line":18},"9":{"loc":{"start":{"line":21,"column":27},"end":{"line":21,"column":48}},"type":"default-arg","locations":[{"start":{"line":21,"column":37},"end":{"line":21,"column":48}}],"line":21},"10":{"loc":{"start":{"line":21,"column":50},"end":{"line":21,"column":62}},"type":"default-arg","locations":[{"start":{"line":21,"column":58},"end":{"line":21,"column":62}}],"line":21},"11":{"loc":{"start":{"line":24,"column":26},"end":{"line":24,"column":47}},"type":"default-arg","locations":[{"start":{"line":24,"column":36},"end":{"line":24,"column":47}}],"line":24},"12":{"loc":{"start":{"line":24,"column":49},"end":{"line":24,"column":61}},"type":"default-arg","locations":[{"start":{"line":24,"column":57},"end":{"line":24,"column":61}}],"line":24},"13":{"loc":{"start":{"line":27,"column":26},"end":{"line":27,"column":46}},"type":"default-arg","locations":[{"start":{"line":27,"column":36},"end":{"line":27,"column":46}}],"line":27},"14":{"loc":{"start":{"line":27,"column":48},"end":{"line":27,"column":60}},"type":"default-arg","locations":[{"start":{"line":27,"column":56},"end":{"line":27,"column":60}}],"line":27},"15":{"loc":{"start":{"line":31,"column":2},"end":{"line":31,"column":35}},"type":"default-arg","locations":[{"start":{"line":31,"column":12},"end":{"line":31,"column":35}}],"line":31},"16":{"loc":{"start":{"line":32,"column":2},"end":{"line":32,"column":14}},"type":"default-arg","locations":[{"start":{"line":32,"column":10},"end":{"line":32,"column":14}}],"line":32}},"s":{"0":1,"1":0,"2":1,"3":0,"4":1,"5":0,"6":1,"7":0,"8":1,"9":0,"10":1,"11":0,"12":1,"13":0,"14":1,"15":0,"16":1,"17":0,"18":1},"f":{"0":0,"1":0,"2":0,"3":0,"4":0,"5":0,"6":0,"7":0,"8":0},"b":{"0":[0],"1":[0],"2":[0,0],"3":[0],"4":[0],"5":[0],"6":[0],"7":[0],"8":[0],"9":[0],"10":[0],"11":[0],"12":[0],"13":[0],"14":[0],"15":[0],"16":[0]},"_coverageSchema":"1a1c01bbd47fc00a2c39e90264f33305004495a9","hash":"9a643634baa2ed0345b7b14bbe55356f7838f103"}
,"/home/administrator/Desktop/aswin/projects/wheelzloop_v3/backend/src/utils/utils.js": {"path":"/home/administrator/Desktop/aswin/projects/wheelzloop_v3/backend/src/utils/utils.js","statementMap":{"0":{"start":{"line":1,"column":0},"end":{"line":1,"column":27}},"1":{"start":{"line":2,"column":12},"end":{"line":2,"column":35}},"2":{"start":{"line":4,"column":0},"end":{"line":8,"column":2}},"3":{"start":{"line":5,"column":2},"end":{"line":7,"column":5}}},"fnMap":{"0":{"name":"(anonymous_0)","decl":{"start":{"line":4,"column":35},"end":{"line":4,"column":36}},"loc":{"start":{"line":4,"column":43},"end":{"line":8,"column":1}},"line":4}},"branchMap":{},"s":{"0":1,"1":1,"2":1,"3":0},"f":{"0":0},"b":{},"_coverageSchema":"1a1c01bbd47fc00a2c39e90264f33305004495a9","hash":"21d4a0c39a5794830a7af9167bdf4d4d6c1da726"}
}
